# JRE version: OpenJDK Runtime Environment (11.0.2+9) (build 11.0.2+9)
# Java VM: OpenJDK 64-Bit Server VM (11.0.2+9, mixed mode, tiered, compressed oops, g1 gc, bsd-amd64)
Heap:
 garbage-first heap   total 384000K, used 162576K [0x0000000700000000, 0x0000000800000000)
  region size 1024K, 42 young (43008K), 10 survivors (10240K)
 Metaspace       used 62212K, capacity 63650K, committed 63824K, reserved 1103872K
  class space    used 8000K, capacity 8546K, committed 8624K, reserved 1048576K
GC Heap History (10 events):
Event: 18.857 GC heap before
{Heap before GC invocations=21 (full 0):
 garbage-first heap   total 384000K, used 236087K [0x0000000700000000, 0x0000000800000000)
  region size 1024K, 66 young (67584K), 10 survivors (10240K)
 Metaspace       used 62158K, capacity 63536K, committed 63824K, reserved 1103872K
  class space    used 7987K, capacity 8507K, committed 8624K, reserved 1048576K
}
Event: 18.863 GC heap after
{Heap after GC invocations=22 (full 0):
 garbage-first heap   total 384000K, used 66102K [0x0000000700000000, 0x0000000800000000)
  region size 1024K, 10 young (10240K), 10 survivors (10240K)
 Metaspace       used 62158K, capacity 63536K, committed 63824K, reserved 1103872K
  class space    used 7987K, capacity 8507K, committed 8624K, reserved 1048576K
}
Event: 20.305 GC heap before
{Heap before GC invocations=23 (full 0):
 garbage-first heap   total 384000K, used 229942K [0x0000000700000000, 0x0000000800000000)
  region size 1024K, 60 young (61440K), 10 survivors (10240K)
 Metaspace       used 62158K, capacity 63536K, committed 63824K, reserved 1103872K
  class space    used 7987K, capacity 8507K, committed 8624K, reserved 1048576K
}
Event: 20.313 GC heap after
{Heap after GC invocations=24 (full 0):
 garbage-first heap   total 384000K, used 67129K [0x0000000700000000, 0x0000000800000000)
  region size 1024K, 10 young (10240K), 10 survivors (10240K)
 Metaspace       used 62158K, capacity 63536K, committed 63824K, reserved 1103872K
  class space    used 7987K, capacity 8507K, committed 8624K, reserved 1048576K
}
Event: 21.645 GC heap before
{Heap before GC invocations=25 (full 0):
 garbage-first heap   total 384000K, used 230969K [0x0000000700000000, 0x0000000800000000)
  region size 1024K, 60 young (61440K), 10 survivors (10240K)
 Metaspace       used 62158K, capacity 63536K, committed 63824K, reserved 1103872K
  class space    used 7987K, capacity 8507K, committed 8624K, reserved 1048576K
}
Event: 21.655 GC heap after
{Heap after GC invocations=26 (full 0):
 garbage-first heap   total 384000K, used 62226K [0x0000000700000000, 0x0000000800000000)
  region size 1024K, 10 young (10240K), 10 survivors (10240K)
 Metaspace       used 62158K, capacity 63536K, committed 63824K, reserved 1103872K
  class space    used 7987K, capacity 8507K, committed 8624K, reserved 1048576K
}
Event: 23.121 GC heap before
{Heap before GC invocations=27 (full 0):
 garbage-first heap   total 384000K, used 237330K [0x0000000700000000, 0x0000000800000000)
  region size 1024K, 66 young (67584K), 10 survivors (10240K)
 Metaspace       used 62158K, capacity 63536K, committed 63824K, reserved 1103872K
  class space    used 7987K, capacity 8507K, committed 8624K, reserved 1048576K
}
Event: 23.129 GC heap after
{Heap after GC invocations=28 (full 0):
 garbage-first heap   total 384000K, used 68597K [0x0000000700000000, 0x0000000800000000)
  region size 1024K, 10 young (10240K), 10 survivors (10240K)
 Metaspace       used 62158K, capacity 63536K, committed 63824K, reserved 1103872K
  class space    used 7987K, capacity 8507K, committed 8624K, reserved 1048576K
}
Event: 24.603 GC heap before
{Heap before GC invocations=29 (full 0):
 garbage-first heap   total 384000K, used 233461K [0x0000000700000000, 0x0000000800000000)
  region size 1024K, 62 young (63488K), 10 survivors (10240K)
 Metaspace       used 62158K, capacity 63536K, committed 63824K, reserved 1103872K
  class space    used 7987K, capacity 8507K, committed 8624K, reserved 1048576K
}
Event: 24.609 GC heap after
{Heap after GC invocations=30 (full 0):
 garbage-first heap   total 384000K, used 66320K [0x0000000700000000, 0x0000000800000000)
  region size 1024K, 10 young (10240K), 10 survivors (10240K)
 Metaspace       used 62158K, capacity 63536K, committed 63824K, reserved 1103872K
  class space    used 7987K, capacity 8507K, committed 8624K, reserved 1048576K
}

